[0.010s] Invoking command in '/home/east/ros2-learning-space/ws01_plumbing/build/cpp03_action': CMAKE_PREFIX_PATH=/home/east/ros2-learning-space/ws01_plumbing/install/base_interfaces_demo:/home/east/ros2-learning-space/ws01_plumbing/install/cpp03_action:/home/east/ros2-learning-space/ws01_plumbing/install/cpp02_service:/home/east/ros2-learning-space/ws01_plumbing/install/cpp01_topic:/opt/ros/humble /usr/bin/cmake --build /home/east/ros2-learning-space/ws01_plumbing/build/cpp03_action -- -j18 -l18
[0.045s] [35m[1mConsolidate compiler generated dependencies of target demo02_action_client[0m
[0.057s] [ 25%] [32mBuilding CXX object CMakeFiles/demo01_action_server.dir/src/demo01_action_server.cpp.o[0m
[0.057s] [ 50%] [32mBuilding CXX object CMakeFiles/demo02_action_client.dir/src/demo02_action_client.cpp.o[0m
[0.062s] [01m[Kcc1plus:[m[K [01;31m[Kfatal error: [m[K/home/east/ros2-learning-space/ws01_plumbing/src/cpp03_action/src/demo01_action_server.cpp: æ²¡æœ‰é‚£ä¸ªæ–‡ä»¶æˆ–ç›®å½•
[0.062s] compilation terminated.
[0.062s] gmake[2]: *** [CMakeFiles/demo01_action_server.dir/build.make:76ï¼šCMakeFiles/demo01_action_server.dir/src/demo01_action_server.cpp.o] é”™è¯¯ 1
[0.062s] gmake[1]: *** [CMakeFiles/Makefile2:139ï¼šCMakeFiles/demo01_action_server.dir/all] é”™è¯¯ 2
[0.062s] gmake[1]: *** æ­£åœ¨ç­‰å¾…æœªå®Œæˆçš„ä»»åŠ¡....
[2.003s] [ 75%] [32m[1mLinking CXX executable demo02_action_client[0m
[2.088s] [ 75%] Built target demo02_action_client
[2.089s] gmake: *** [Makefile:146ï¼šall] é”™è¯¯ 2
[2.091s] Invoked command in '/home/east/ros2-learning-space/ws01_plumbing/build/cpp03_action' returned '2': CMAKE_PREFIX_PATH=/home/east/ros2-learning-space/ws01_plumbing/install/base_interfaces_demo:/home/east/ros2-learning-space/ws01_plumbing/install/cpp03_action:/home/east/ros2-learning-space/ws01_plumbing/install/cpp02_service:/home/east/ros2-learning-space/ws01_plumbing/install/cpp01_topic:/opt/ros/humble /usr/bin/cmake --build /home/east/ros2-learning-space/ws01_plumbing/build/cpp03_action -- -j18 -l18
