[ 50%] [32mBuilding CXX object CMakeFiles/exer01_pub_sub.cpp.dir/src/exer01_pub_sub.cpp.cpp.o[0m
[01m[Kcc1plus:[m[K [01;31m[Kfatal error: [m[K/home/east/ros2-learning-space/ws01_plumbing/src/cpp07_exercise/src/exer01_pub_sub.cpp.cpp: æ²¡æœ‰é‚£ä¸ªæ–‡ä»¶æˆ–ç›®å½•
compilation terminated.
gmake[2]: *** [CMakeFiles/exer01_pub_sub.cpp.dir/build.make:76ï¼šCMakeFiles/exer01_pub_sub.cpp.dir/src/exer01_pub_sub.cpp.cpp.o] é”™è¯¯ 1
gmake[1]: *** [CMakeFiles/Makefile2:137ï¼šCMakeFiles/exer01_pub_sub.cpp.dir/all] é”™è¯¯ 2
gmake: *** [Makefile:146ï¼šall] é”™è¯¯ 2
