[0.011s] Invoking command in '/home/east/ros2-learning-space/ws01_plumbing/build/cpp03_action': CMAKE_PREFIX_PATH=/home/east/ros2-learning-space/ws01_plumbing/install/base_interfaces_demo:/home/east/ros2-learning-space/ws01_plumbing/install/cpp03_action:/home/east/ros2-learning-space/ws01_plumbing/install/cpp02_service:/home/east/ros2-learning-space/ws01_plumbing/install/cpp01_topic:/opt/ros/humble /usr/bin/cmake --build /home/east/ros2-learning-space/ws01_plumbing/build/cpp03_action -- -j18 -l18
[0.044s] [35m[1mConsolidate compiler generated dependencies of target demo02_action_client[0m
[0.058s] [ 50%] Built target demo01_action_server
[0.060s] [ 75%] [32mBuilding CXX object CMakeFiles/demo02_action_client.dir/src/demo02_action_client.cpp.o[0m
[1.792s] [01m[K/home/east/ros2-learning-space/ws01_plumbing/src/cpp03_action/src/demo02_action_client.cpp:48:4:[m[K [01;31m[Kerror: [m[Kexpected â€˜[01m[K;[m[Kâ€™ after class definition
[1.792s]    48 |   }
[1.792s]       |    [01;31m[K^[m[K
[1.792s]       |    [32m[K;[m[K
[1.797s] [01m[K/home/east/ros2-learning-space/ws01_plumbing/src/cpp03_action/src/demo02_action_client.cpp:[m[K In member function â€˜[01m[Kvoid ProgressActionClient::Send_Goal(int)[m[Kâ€™:
[1.797s] [01m[K/home/east/ros2-learning-space/ws01_plumbing/src/cpp03_action/src/demo02_action_client.cpp:19:5:[m[K [01;31m[Kerror: [m[Kâ€˜[01m[Kclient_[m[Kâ€™ was not declared in this scope
[1.797s]    19 |     [01;31m[Kclient_[m[K = rclcpp_action::create_client<Progress>(this,"get_sum");
[1.797s]       |     [01;31m[K^~~~~~~[m[K
[1.818s] [01m[K/home/east/ros2-learning-space/ws01_plumbing/src/cpp03_action/src/demo02_action_client.cpp:26:64:[m[K [01;31m[Kerror: [m[Kâ€˜[01m[Kresult_callback[m[Kâ€™ is not a member of â€˜[01m[KProgressActionClient[m[Kâ€™
[1.818s]    26 |     options.result_callback = std::bind(&ProgressActionClient::[01;31m[Kresult_callback[m[K,this,_1);
[1.818s]       |                                                                [01;31m[K^~~~~~~~~~~~~~~[m[K
[1.823s] [01m[K/home/east/ros2-learning-space/ws01_plumbing/src/cpp03_action/src/demo02_action_client.cpp:[m[K In member function â€˜[01m[Kvoid ProgressActionClient::feedback_callback(rclcpp_action::ClientGoalHandle<base_interfaces_demo::action::Progress>::SharedPtr, std::shared_ptr<const base_interfaces_demo::action::Progress_Feedback_<std::allocator<void> > >)[m[Kâ€™:
[1.823s] [01m[K/home/east/ros2-learning-space/ws01_plumbing/src/cpp03_action/src/demo02_action_client.cpp:42:11:[m[K [01;31m[Kerror: [m[Kâ€˜[01m[Kclient_[m[Kâ€™ was not declared in this scope
[1.824s]    42 |           [01;31m[Kclient_[m[K->async_cancel_goal(feedback_handle);
[1.824s]       |           [01;31m[K^~~~~~~[m[K
[1.825s] In file included from [01m[K/opt/ros/humble/include/rclcpp/rclcpp/client.hpp:40[m[K,
[1.825s]                  from [01m[K/opt/ros/humble/include/rclcpp/rclcpp/callback_group.hpp:24[m[K,
[1.825s]                  from [01m[K/opt/ros/humble/include/rclcpp/rclcpp/any_executable.hpp:20[m[K,
[1.825s]                  from [01m[K/opt/ros/humble/include/rclcpp/rclcpp/memory_strategy.hpp:25[m[K,
[1.825s]                  from [01m[K/opt/ros/humble/include/rclcpp/rclcpp/memory_strategies.hpp:18[m[K,
[1.825s]                  from [01m[K/opt/ros/humble/include/rclcpp/rclcpp/executor_options.hpp:20[m[K,
[1.825s]                  from [01m[K/opt/ros/humble/include/rclcpp/rclcpp/executor.hpp:37[m[K,
[1.825s]                  from [01m[K/opt/ros/humble/include/rclcpp/rclcpp/executors/multi_threaded_executor.hpp:25[m[K,
[1.825s]                  from [01m[K/opt/ros/humble/include/rclcpp/rclcpp/executors.hpp:21[m[K,
[1.825s]                  from [01m[K/opt/ros/humble/include/rclcpp/rclcpp/rclcpp.hpp:155[m[K,
[1.825s]                  from [01m[K/home/east/ros2-learning-space/ws01_plumbing/src/cpp03_action/src/demo02_action_client.cpp:1[m[K:
[1.825s] [01m[K/home/east/ros2-learning-space/ws01_plumbing/src/cpp03_action/src/demo02_action_client.cpp:[m[K In function â€˜[01m[Kvoid result_callback(const rclcpp_action::ClientGoalHandle<base_interfaces_demo::action::Progress>::WrappedResult&)[m[Kâ€™:
[1.826s] [01m[K/home/east/ros2-learning-space/ws01_plumbing/src/cpp03_action/src/demo02_action_client.cpp:52:19:[m[K [01;31m[Kerror: [m[Kinvalid use of â€˜[01m[Kthis[m[Kâ€™ in non-member function
[1.826s]    52 |       RCLCPP_INFO([01;31m[Kthis[m[K->get_logger(),"æœ€ç»ˆå“åº”ç»“æžœ:%d",result.result->sum);
[1.826s]       |                   [01;31m[K^~~~[m[K
[1.826s] [01m[K/home/east/ros2-learning-space/ws01_plumbing/src/cpp03_action/src/demo02_action_client.cpp:52:19:[m[K [01;31m[Kerror: [m[Kinvalid use of â€˜[01m[Kthis[m[Kâ€™ in non-member function
[1.826s] [01m[K/home/east/ros2-learning-space/ws01_plumbing/src/cpp03_action/src/demo02_action_client.cpp:52:7:[m[K [01;31m[Kerror: [m[Ktemplate argument 1 is invalid
[1.826s]    52 |       [01;31m[KRCLCPP_INFO[m[K(this->get_logger(),"æœ€ç»ˆå“åº”ç»“æžœ:%d",result.result->sum);
[1.826s]       |       [01;31m[K^~~~~~~~~~~[m[K
[1.826s] In file included from [01m[K/opt/ros/humble/include/rclcpp/rclcpp/logging.hpp:24[m[K,
[1.826s]                  from [01m[K/opt/ros/humble/include/rclcpp/rclcpp/client.hpp:40[m[K,
[1.826s]                  from [01m[K/opt/ros/humble/include/rclcpp/rclcpp/callback_group.hpp:24[m[K,
[1.826s]                  from [01m[K/opt/ros/humble/include/rclcpp/rclcpp/any_executable.hpp:20[m[K,
[1.826s]                  from [01m[K/opt/ros/humble/include/rclcpp/rclcpp/memory_strategy.hpp:25[m[K,
[1.826s]                  from [01m[K/opt/ros/humble/include/rclcpp/rclcpp/memory_strategies.hpp:18[m[K,
[1.826s]                  from [01m[K/opt/ros/humble/include/rclcpp/rclcpp/executor_options.hpp:20[m[K,
[1.826s]                  from [01m[K/opt/ros/humble/include/rclcpp/rclcpp/executor.hpp:37[m[K,
[1.826s]                  from [01m[K/opt/ros/humble/include/rclcpp/rclcpp/executors/multi_threaded_executor.hpp:25[m[K,
[1.826s]                  from [01m[K/opt/ros/humble/include/rclcpp/rclcpp/executors.hpp:21[m[K,
[1.826s]                  from [01m[K/opt/ros/humble/include/rclcpp/rclcpp/rclcpp.hpp:155[m[K,
[1.826s]                  from [01m[K/home/east/ros2-learning-space/ws01_plumbing/src/cpp03_action/src/demo02_action_client.cpp:1[m[K:
[1.826s] [01m[K/home/east/ros2-learning-space/ws01_plumbing/src/cpp03_action/src/demo02_action_client.cpp:52:19:[m[K [01;31m[Kerror: [m[Kinvalid use of â€˜[01m[Kthis[m[Kâ€™ in non-member function
[1.827s]    52 |       RCLCPP_INFO([01;31m[Kthis[m[K->get_logger(),"æœ€ç»ˆå“åº”ç»“æžœ:%d",result.result->sum);
[1.827s]       |                   [01;31m[K^~~~[m[K
[1.827s] [01m[K/home/east/ros2-learning-space/ws01_plumbing/src/cpp03_action/src/demo02_action_client.cpp:52:19:[m[K [01;31m[Kerror: [m[Kinvalid use of â€˜[01m[Kthis[m[Kâ€™ in non-member function
[1.827s]    52 |       RCLCPP_INFO([01;31m[Kthis[m[K->get_logger(),"æœ€ç»ˆå“åº”ç»“æžœ:%d",result.result->sum);
[1.827s]       |                   [01;31m[K^~~~[m[K
[1.827s] In file included from [01m[K/opt/ros/humble/include/rclcpp/rclcpp/client.hpp:40[m[K,
[1.827s]                  from [01m[K/opt/ros/humble/include/rclcpp/rclcpp/callback_group.hpp:24[m[K,
[1.827s]                  from [01m[K/opt/ros/humble/include/rclcpp/rclcpp/any_executable.hpp:20[m[K,
[1.827s]                  from [01m[K/opt/ros/humble/include/rclcpp/rclcpp/memory_strategy.hpp:25[m[K,
[1.827s]                  from [01m[K/opt/ros/humble/include/rclcpp/rclcpp/memory_strategies.hpp:18[m[K,
[1.827s]                  from [01m[K/opt/ros/humble/include/rclcpp/rclcpp/executor_options.hpp:20[m[K,
[1.827s]                  from [01m[K/opt/ros/humble/include/rclcpp/rclcpp/executor.hpp:37[m[K,
[1.827s]                  from [01m[K/opt/ros/humble/include/rclcpp/rclcpp/executors/multi_threaded_executor.hpp:25[m[K,
[1.827s]                  from [01m[K/opt/ros/humble/include/rclcpp/rclcpp/executors.hpp:21[m[K,
[1.827s]                  from [01m[K/opt/ros/humble/include/rclcpp/rclcpp/rclcpp.hpp:155[m[K,
[1.827s]                  from [01m[K/home/east/ros2-learning-space/ws01_plumbing/src/cpp03_action/src/demo02_action_client.cpp:1[m[K:
[1.827s] [01m[K/home/east/ros2-learning-space/ws01_plumbing/src/cpp03_action/src/demo02_action_client.cpp:54:19:[m[K [01;31m[Kerror: [m[Kinvalid use of â€˜[01m[Kthis[m[Kâ€™ in non-member function
[1.827s]    54 |       RCLCPP_INFO([01;31m[Kthis[m[K->get_logger(),"è¢«ä¸­æ–­!");
[1.827s]       |                   [01;31m[K^~~~[m[K
[1.828s] [01m[K/home/east/ros2-learning-space/ws01_plumbing/src/cpp03_action/src/demo02_action_client.cpp:54:19:[m[K [01;31m[Kerror: [m[Kinvalid use of â€˜[01m[Kthis[m[Kâ€™ in non-member function
[1.828s] [01m[K/home/east/ros2-learning-space/ws01_plumbing/src/cpp03_action/src/demo02_action_client.cpp:54:7:[m[K [01;31m[Kerror: [m[Ktemplate argument 1 is invalid
[1.828s]    54 |       [01;31m[KRCLCPP_INFO[m[K(this->get_logger(),"è¢«ä¸­æ–­!");
[1.828s]       |       [01;31m[K^~~~~~~~~~~[m[K
[1.828s] In file included from [01m[K/opt/ros/humble/include/rclcpp/rclcpp/logging.hpp:24[m[K,
[1.828s]                  from [01m[K/opt/ros/humble/include/rclcpp/rclcpp/client.hpp:40[m[K,
[1.828s]                  from [01m[K/opt/ros/humble/include/rclcpp/rclcpp/callback_group.hpp:24[m[K,
[1.828s]                  from [01m[K/opt/ros/humble/include/rclcpp/rclcpp/any_executable.hpp:20[m[K,
[1.828s]                  from [01m[K/opt/ros/humble/include/rclcpp/rclcpp/memory_strategy.hpp:25[m[K,
[1.828s]                  from [01m[K/opt/ros/humble/include/rclcpp/rclcpp/memory_strategies.hpp:18[m[K,
[1.828s]                  from [01m[K/opt/ros/humble/include/rclcpp/rclcpp/executor_options.hpp:20[m[K,
[1.828s]                  from [01m[K/opt/ros/humble/include/rclcpp/rclcpp/executor.hpp:37[m[K,
[1.828s]                  from [01m[K/opt/ros/humble/include/rclcpp/rclcpp/executors/multi_threaded_executor.hpp:25[m[K,
[1.828s]                  from [01m[K/opt/ros/humble/include/rclcpp/rclcpp/executors.hpp:21[m[K,
[1.828s]                  from [01m[K/opt/ros/humble/include/rclcpp/rclcpp/rclcpp.hpp:155[m[K,
[1.828s]                  from [01m[K/home/east/ros2-learning-space/ws01_plumbing/src/cpp03_action/src/demo02_action_client.cpp:1[m[K:
[1.828s] [01m[K/home/east/ros2-learning-space/ws01_plumbing/src/cpp03_action/src/demo02_action_client.cpp:54:19:[m[K [01;31m[Kerror: [m[Kinvalid use of â€˜[01m[Kthis[m[Kâ€™ in non-member function
[1.828s]    54 |       RCLCPP_INFO([01;31m[Kthis[m[K->get_logger(),"è¢«ä¸­æ–­!");
[1.828s]       |                   [01;31m[K^~~~[m[K
[1.828s] [01m[K/home/east/ros2-learning-space/ws01_plumbing/src/cpp03_action/src/demo02_action_client.cpp:54:19:[m[K [01;31m[Kerror: [m[Kinvalid use of â€˜[01m[Kthis[m[Kâ€™ in non-member function
[1.829s]    54 |       RCLCPP_INFO([01;31m[Kthis[m[K->get_logger(),"è¢«ä¸­æ–­!");
[1.829s]       |                   [01;31m[K^~~~[m[K
[1.829s] In file included from [01m[K/opt/ros/humble/include/rclcpp/rclcpp/client.hpp:40[m[K,
[1.829s]                  from [01m[K/opt/ros/humble/include/rclcpp/rclcpp/callback_group.hpp:24[m[K,
[1.829s]                  from [01m[K/opt/ros/humble/include/rclcpp/rclcpp/any_executable.hpp:20[m[K,
[1.829s]                  from [01m[K/opt/ros/humble/include/rclcpp/rclcpp/memory_strategy.hpp:25[m[K,
[1.829s]                  from [01m[K/opt/ros/humble/include/rclcpp/rclcpp/memory_strategies.hpp:18[m[K,
[1.829s]                  from [01m[K/opt/ros/humble/include/rclcpp/rclcpp/executor_options.hpp:20[m[K,
[1.829s]                  from [01m[K/opt/ros/humble/include/rclcpp/rclcpp/executor.hpp:37[m[K,
[1.829s]                  from [01m[K/opt/ros/humble/include/rclcpp/rclcpp/executors/multi_threaded_executor.hpp:25[m[K,
[1.829s]                  from [01m[K/opt/ros/humble/include/rclcpp/rclcpp/executors.hpp:21[m[K,
[1.829s]                  from [01m[K/opt/ros/humble/include/rclcpp/rclcpp/rclcpp.hpp:155[m[K,
[1.829s]                  from [01m[K/home/east/ros2-learning-space/ws01_plumbing/src/cpp03_action/src/demo02_action_client.cpp:1[m[K:
[1.829s] [01m[K/home/east/ros2-learning-space/ws01_plumbing/src/cpp03_action/src/demo02_action_client.cpp:56:19:[m[K [01;31m[Kerror: [m[Kinvalid use of â€˜[01m[Kthis[m[Kâ€™ in non-member function
[1.829s]    56 |       RCLCPP_INFO([01;31m[Kthis[m[K->get_logger(),"è¢«å–æ¶ˆ!");
[1.829s]       |                   [01;31m[K^~~~[m[K
[1.829s] [01m[K/home/east/ros2-learning-space/ws01_plumbing/src/cpp03_action/src/demo02_action_client.cpp:56:19:[m[K [01;31m[Kerror: [m[Kinvalid use of â€˜[01m[Kthis[m[Kâ€™ in non-member function
[1.829s] [01m[K/home/east/ros2-learning-space/ws01_plumbing/src/cpp03_action/src/demo02_action_client.cpp:56:7:[m[K [01;31m[Kerror: [m[Ktemplate argument 1 is invalid
[1.830s]    56 |       [01;31m[KRCLCPP_INFO[m[K(this->get_logger(),"è¢«å–æ¶ˆ!");
[1.830s]       |       [01;31m[K^~~~~~~~~~~[m[K
[1.830s] In file included from [01m[K/opt/ros/humble/include/rclcpp/rclcpp/logging.hpp:24[m[K,
[1.830s]                  from [01m[K/opt/ros/humble/include/rclcpp/rclcpp/client.hpp:40[m[K,
[1.830s]                  from [01m[K/opt/ros/humble/include/rclcpp/rclcpp/callback_group.hpp:24[m[K,
[1.830s]                  from [01m[K/opt/ros/humble/include/rclcpp/rclcpp/any_executable.hpp:20[m[K,
[1.830s]                  from [01m[K/opt/ros/humble/include/rclcpp/rclcpp/memory_strategy.hpp:25[m[K,
[1.830s]                  from [01m[K/opt/ros/humble/include/rclcpp/rclcpp/memory_strategies.hpp:18[m[K,
[1.830s]                  from [01m[K/opt/ros/humble/include/rclcpp/rclcpp/executor_options.hpp:20[m[K,
[1.830s]                  from [01m[K/opt/ros/humble/include/rclcpp/rclcpp/executor.hpp:37[m[K,
[1.830s]                  from [01m[K/opt/ros/humble/include/rclcpp/rclcpp/executors/multi_threaded_executor.hpp:25[m[K,
[1.830s]                  from [01m[K/opt/ros/humble/include/rclcpp/rclcpp/executors.hpp:21[m[K,
[1.830s]                  from [01m[K/opt/ros/humble/include/rclcpp/rclcpp/rclcpp.hpp:155[m[K,
[1.830s]                  from [01m[K/home/east/ros2-learning-space/ws01_plumbing/src/cpp03_action/src/demo02_action_client.cpp:1[m[K:
[1.830s] [01m[K/home/east/ros2-learning-space/ws01_plumbing/src/cpp03_action/src/demo02_action_client.cpp:56:19:[m[K [01;31m[Kerror: [m[Kinvalid use of â€˜[01m[Kthis[m[Kâ€™ in non-member function
[1.830s]    56 |       RCLCPP_INFO([01;31m[Kthis[m[K->get_logger(),"è¢«å–æ¶ˆ!");
[1.830s]       |                   [01;31m[K^~~~[m[K
[1.830s] [01m[K/home/east/ros2-learning-space/ws01_plumbing/src/cpp03_action/src/demo02_action_client.cpp:56:19:[m[K [01;31m[Kerror: [m[Kinvalid use of â€˜[01m[Kthis[m[Kâ€™ in non-member function
[1.831s]    56 |       RCLCPP_INFO([01;31m[Kthis[m[K->get_logger(),"è¢«å–æ¶ˆ!");
[1.831s]       |                   [01;31m[K^~~~[m[K
[1.831s] In file included from [01m[K/opt/ros/humble/include/rclcpp/rclcpp/client.hpp:40[m[K,
[1.831s]                  from [01m[K/opt/ros/humble/include/rclcpp/rclcpp/callback_group.hpp:24[m[K,
[1.831s]                  from [01m[K/opt/ros/humble/include/rclcpp/rclcpp/any_executable.hpp:20[m[K,
[1.831s]                  from [01m[K/opt/ros/humble/include/rclcpp/rclcpp/memory_strategy.hpp:25[m[K,
[1.831s]                  from [01m[K/opt/ros/humble/include/rclcpp/rclcpp/memory_strategies.hpp:18[m[K,
[1.831s]                  from [01m[K/opt/ros/humble/include/rclcpp/rclcpp/executor_options.hpp:20[m[K,
[1.831s]                  from [01m[K/opt/ros/humble/include/rclcpp/rclcpp/executor.hpp:37[m[K,
[1.831s]                  from [01m[K/opt/ros/humble/include/rclcpp/rclcpp/executors/multi_threaded_executor.hpp:25[m[K,
[1.831s]                  from [01m[K/opt/ros/humble/include/rclcpp/rclcpp/executors.hpp:21[m[K,
[1.831s]                  from [01m[K/opt/ros/humble/include/rclcpp/rclcpp/rclcpp.hpp:155[m[K,
[1.831s]                  from [01m[K/home/east/ros2-learning-space/ws01_plumbing/src/cpp03_action/src/demo02_action_client.cpp:1[m[K:
[1.831s] [01m[K/home/east/ros2-learning-space/ws01_plumbing/src/cpp03_action/src/demo02_action_client.cpp:58:19:[m[K [01;31m[Kerror: [m[Kinvalid use of â€˜[01m[Kthis[m[Kâ€™ in non-member function
[1.831s]    58 |       RCLCPP_INFO([01;31m[Kthis[m[K->get_logger(),"æœªçŸ¥å¼‚å¸¸!");
[1.831s]       |                   [01;31m[K^~~~[m[K
[1.831s] [01m[K/home/east/ros2-learning-space/ws01_plumbing/src/cpp03_action/src/demo02_action_client.cpp:58:19:[m[K [01;31m[Kerror: [m[Kinvalid use of â€˜[01m[Kthis[m[Kâ€™ in non-member function
[1.831s] [01m[K/home/east/ros2-learning-space/ws01_plumbing/src/cpp03_action/src/demo02_action_client.cpp:58:7:[m[K [01;31m[Kerror: [m[Ktemplate argument 1 is invalid
[1.831s]    58 |       [01;31m[KRCLCPP_INFO[m[K(this->get_logger(),"æœªçŸ¥å¼‚å¸¸!");
[1.832s]       |       [01;31m[K^~~~~~~~~~~[m[K
[1.832s] In file included from [01m[K/opt/ros/humble/include/rclcpp/rclcpp/logging.hpp:24[m[K,
[1.832s]                  from [01m[K/opt/ros/humble/include/rclcpp/rclcpp/client.hpp:40[m[K,
[1.832s]                  from [01m[K/opt/ros/humble/include/rclcpp/rclcpp/callback_group.hpp:24[m[K,
[1.832s]                  from [01m[K/opt/ros/humble/include/rclcpp/rclcpp/any_executable.hpp:20[m[K,
[1.832s]                  from [01m[K/opt/ros/humble/include/rclcpp/rclcpp/memory_strategy.hpp:25[m[K,
[1.832s]                  from [01m[K/opt/ros/humble/include/rclcpp/rclcpp/memory_strategies.hpp:18[m[K,
[1.832s]                  from [01m[K/opt/ros/humble/include/rclcpp/rclcpp/executor_options.hpp:20[m[K,
[1.832s]                  from [01m[K/opt/ros/humble/include/rclcpp/rclcpp/executor.hpp:37[m[K,
[1.832s]                  from [01m[K/opt/ros/humble/include/rclcpp/rclcpp/executors/multi_threaded_executor.hpp:25[m[K,
[1.832s]                  from [01m[K/opt/ros/humble/include/rclcpp/rclcpp/executors.hpp:21[m[K,
[1.832s]                  from [01m[K/opt/ros/humble/include/rclcpp/rclcpp/rclcpp.hpp:155[m[K,
[1.832s]                  from [01m[K/home/east/ros2-learning-space/ws01_plumbing/src/cpp03_action/src/demo02_action_client.cpp:1[m[K:
[1.832s] [01m[K/home/east/ros2-learning-space/ws01_plumbing/src/cpp03_action/src/demo02_action_client.cpp:58:19:[m[K [01;31m[Kerror: [m[Kinvalid use of â€˜[01m[Kthis[m[Kâ€™ in non-member function
[1.832s]    58 |       RCLCPP_INFO([01;31m[Kthis[m[K->get_logger(),"æœªçŸ¥å¼‚å¸¸!");
[1.832s]       |                   [01;31m[K^~~~[m[K
[1.832s] [01m[K/home/east/ros2-learning-space/ws01_plumbing/src/cpp03_action/src/demo02_action_client.cpp:58:19:[m[K [01;31m[Kerror: [m[Kinvalid use of â€˜[01m[Kthis[m[Kâ€™ in non-member function
[1.832s]    58 |       RCLCPP_INFO([01;31m[Kthis[m[K->get_logger(),"æœªçŸ¥å¼‚å¸¸!");
[1.832s]       |                   [01;31m[K^~~~[m[K
[1.833s] [01m[K/home/east/ros2-learning-space/ws01_plumbing/src/cpp03_action/src/demo02_action_client.cpp:[m[K At global scope:
[1.833s] [01m[K/home/east/ros2-learning-space/ws01_plumbing/src/cpp03_action/src/demo02_action_client.cpp:61:1:[m[K [01;31m[Kerror: [m[Kexpected unqualified-id before â€˜[01m[Kprivate[m[Kâ€™
[1.833s]    61 | [01;31m[Kprivate[m[K:
[1.833s]       | [01;31m[K^~~~~~~[m[K
[1.833s] [01m[K/home/east/ros2-learning-space/ws01_plumbing/src/cpp03_action/src/demo02_action_client.cpp:63:1:[m[K [01;31m[Kerror: [m[Kexpected declaration before â€˜[01m[K}[m[Kâ€™ token
[1.833s]    63 | [01;31m[K}[m[K;
[1.833s]       | [01;31m[K^[m[K
[2.267s] gmake[2]: *** [CMakeFiles/demo02_action_client.dir/build.make:76ï¼šCMakeFiles/demo02_action_client.dir/src/demo02_action_client.cpp.o] é”™è¯¯ 1
[2.267s] gmake[1]: *** [CMakeFiles/Makefile2:165ï¼šCMakeFiles/demo02_action_client.dir/all] é”™è¯¯ 2
[2.268s] gmake: *** [Makefile:146ï¼šall] é”™è¯¯ 2
[2.271s] Invoked command in '/home/east/ros2-learning-space/ws01_plumbing/build/cpp03_action' returned '2': CMAKE_PREFIX_PATH=/home/east/ros2-learning-space/ws01_plumbing/install/base_interfaces_demo:/home/east/ros2-learning-space/ws01_plumbing/install/cpp03_action:/home/east/ros2-learning-space/ws01_plumbing/install/cpp02_service:/home/east/ros2-learning-space/ws01_plumbing/install/cpp01_topic:/opt/ros/humble /usr/bin/cmake --build /home/east/ros2-learning-space/ws01_plumbing/build/cpp03_action -- -j18 -l18
