[ 33%] Built target exer01_pub_sub
[ 33%] Built target exer02_server
[ 41%] [32mBuilding CXX object CMakeFiles/exer04_action_server.dir/src/exer04_action_server.cpp.o[0m
[ 58%] Built target exer03_client
[ 75%] Built target exer05_action_client
[ 91%] Built target exer06_param
[01m[K/home/east/ros2-learning-space/ws01_plumbing/src/cpp07_exercise/src/exer04_action_server.cpp:4:10:[m[K [01;31m[Kfatal error: [m[Krclcpp_action/rclcpp_action.hpp: æ²¡æœ‰é‚£ä¸ªæ–‡ä»¶æˆ–ç›®å½•
    4 | #include [01;31m[K"rclcpp_action/rclcpp_action.hpp"[m[K
      |          [01;31m[K^~~~~~~~~~~~~~~~~~~~~~~~~~~~~~~~~[m[K
compilation terminated.
gmake[2]: *** [CMakeFiles/exer04_action_server.dir/build.make:76ï¼šCMakeFiles/exer04_action_server.dir/src/exer04_action_server.cpp.o] é”™è¯¯ 1
gmake[1]: *** [CMakeFiles/Makefile2:225ï¼šCMakeFiles/exer04_action_server.dir/all] é”™è¯¯ 2
gmake: *** [Makefile:146ï¼šall] é”™è¯¯ 2
