[0.017s] Invoking command in '/home/east/ros2-learning-space/ws01_plumbing/build/cpp07_exercise': CMAKE_PREFIX_PATH=/home/east/ros2-learning-space/ws01_plumbing/install/base_interfaces_demo:/home/east/ros2-learning-space/ws01_plumbing/install/cpp07_exercise:/home/east/ros2-learning-space/ws01_plumbing/install/cpp06_time:/home/east/ros2-learning-space/ws01_plumbing/install/cpp05_names:/home/east/ros2-learning-space/ws01_plumbing/install/cpp04_param:/home/east/ros2-learning-space/ws01_plumbing/install/cpp03_action:/home/east/ros2-learning-space/ws01_plumbing/install/cpp02_service:/home/east/ros2-learning-space/ws01_plumbing/install/cpp01_topic:/opt/ros/humble /usr/bin/cmake --build /home/east/ros2-learning-space/ws01_plumbing/build/cpp07_exercise -- -j18 -l18
[0.063s] [ 33%] Built target exer01_pub_sub
[0.063s] [ 33%] Built target exer02_server
[0.064s] [ 41%] [32mBuilding CXX object CMakeFiles/exer04_action_server.dir/src/exer04_action_server.cpp.o[0m
[0.064s] [ 58%] Built target exer03_client
[0.068s] [ 75%] Built target exer05_action_client
[0.071s] [ 91%] Built target exer06_param
[0.218s] [01m[K/home/east/ros2-learning-space/ws01_plumbing/src/cpp07_exercise/src/exer04_action_server.cpp:4:10:[m[K [01;31m[Kfatal error: [m[Krclcpp_action/rclcpp_action.hpp: æ²¡æœ‰é‚£ä¸ªæ–‡ä»¶æˆ–ç›®å½•
[0.218s]     4 | #include [01;31m[K"rclcpp_action/rclcpp_action.hpp"[m[K
[0.218s]       |          [01;31m[K^~~~~~~~~~~~~~~~~~~~~~~~~~~~~~~~~[m[K
[0.218s] compilation terminated.
[0.224s] gmake[2]: *** [CMakeFiles/exer04_action_server.dir/build.make:76ï¼šCMakeFiles/exer04_action_server.dir/src/exer04_action_server.cpp.o] é”™è¯¯ 1
[0.225s] gmake[1]: *** [CMakeFiles/Makefile2:225ï¼šCMakeFiles/exer04_action_server.dir/all] é”™è¯¯ 2
[0.225s] gmake: *** [Makefile:146ï¼šall] é”™è¯¯ 2
[0.228s] Invoked command in '/home/east/ros2-learning-space/ws01_plumbing/build/cpp07_exercise' returned '2': CMAKE_PREFIX_PATH=/home/east/ros2-learning-space/ws01_plumbing/install/base_interfaces_demo:/home/east/ros2-learning-space/ws01_plumbing/install/cpp07_exercise:/home/east/ros2-learning-space/ws01_plumbing/install/cpp06_time:/home/east/ros2-learning-space/ws01_plumbing/install/cpp05_names:/home/east/ros2-learning-space/ws01_plumbing/install/cpp04_param:/home/east/ros2-learning-space/ws01_plumbing/install/cpp03_action:/home/east/ros2-learning-space/ws01_plumbing/install/cpp02_service:/home/east/ros2-learning-space/ws01_plumbing/install/cpp01_topic:/opt/ros/humble /usr/bin/cmake --build /home/east/ros2-learning-space/ws01_plumbing/build/cpp07_exercise -- -j18 -l18
