[01m[K/home/east/ros2-learning-space/ws01_plumbing/src/cpp01_topic/src/demo01_talker_src.cpp:[m[K In constructor â€˜[01m[KTalker::Talker()[m[Kâ€™:
[01m[K/home/east/ros2-learning-space/ws01_plumbing/src/cpp01_topic/src/demo01_talker_src.cpp:13:5:[m[K [01;31m[Kerror: [m[Kâ€˜[01m[Kpublisher_[m[Kâ€™ was not declared in this scope; did you mean â€˜[01m[Krmw_publisher_t[m[Kâ€™?
   13 |     [01;31m[Kpublisher_[m[K = this->create_publisher<std_msgs::msg::String>("chatter",10);
      |     [01;31m[K^~~~~~~~~~[m[K
      |     [32m[Krmw_publisher_t[m[K
[01m[K/home/east/ros2-learning-space/ws01_plumbing/src/cpp01_topic/src/demo01_talker_src.cpp:15:5:[m[K [01;31m[Kerror: [m[Kâ€˜[01m[Ktimer_[m[Kâ€™ was not declared in this scope; did you mean â€˜[01m[Ktimer_t[m[Kâ€™?
   15 |     [01;31m[Ktimer_[m[K = this->create_wall_timer(1s,std::bind(&Talker::on_timer,this));
      |     [01;31m[K^~~~~~[m[K
      |     [32m[Ktimer_t[m[K
[01m[K/home/east/ros2-learning-space/ws01_plumbing/src/cpp01_topic/src/demo01_talker_src.cpp:[m[K In member function â€˜[01m[Kvoid Talker::on_timer()[m[Kâ€™:
[01m[K/home/east/ros2-learning-space/ws01_plumbing/src/cpp01_topic/src/demo01_talker_src.cpp:21:52:[m[K [01;31m[Kerror: [m[Kâ€˜[01m[Kcount[m[Kâ€™ was not declared in this scope; did you mean â€˜[01m[Kstd::count[m[Kâ€™?
   21 |     message.data = "hello world!" + std::to_string([01;31m[Kcount[m[K++);
      |                                                    [01;31m[K^~~~~[m[K
      |                                                    [32m[Kstd::count[m[K
In file included from [01m[K/usr/include/c++/11/algorithm:74[m[K,
                 from [01m[K/opt/ros/humble/include/rclcpp/rclcpp/executor.hpp:18[m[K,
                 from [01m[K/opt/ros/humble/include/rclcpp/rclcpp/executors/multi_threaded_executor.hpp:25[m[K,
                 from [01m[K/opt/ros/humble/include/rclcpp/rclcpp/executors.hpp:21[m[K,
                 from [01m[K/opt/ros/humble/include/rclcpp/rclcpp/rclcpp.hpp:155[m[K,
                 from [01m[K/home/east/ros2-learning-space/ws01_plumbing/src/cpp01_topic/src/demo01_talker_src.cpp:2[m[K:
[01m[K/usr/include/c++/11/pstl/glue_algorithm_defs.h:101:1:[m[K [01;36m[Knote: [m[Kâ€˜[01m[Kstd::count[m[Kâ€™ declared here
  101 | [01;36m[Kcount[m[K(_ExecutionPolicy&& __exec, _ForwardIterator __first, _ForwardIterator __last, const _Tp& __value);
      | [01;36m[K^~~~~[m[K
[01m[K/home/east/ros2-learning-space/ws01_plumbing/src/cpp01_topic/src/demo01_talker_src.cpp:23:5:[m[K [01;31m[Kerror: [m[Kâ€˜[01m[Kpublisher_[m[Kâ€™ was not declared in this scope; did you mean â€˜[01m[Krmw_publisher_t[m[Kâ€™?
   23 |     [01;31m[Kpublisher_[m[K->publish(message);
      |     [01;31m[K^~~~~~~~~~[m[K
      |     [32m[Krmw_publisher_t[m[K
gmake[2]: *** [CMakeFiles/demo01_talker_src.dir/build.make:76ï¼šCMakeFiles/demo01_talker_src.dir/src/demo01_talker_src.cpp.o] é”™è¯¯ 1
gmake[1]: *** [CMakeFiles/Makefile2:137ï¼šCMakeFiles/demo01_talker_src.dir/all] é”™è¯¯ 2
gmake: *** [Makefile:146ï¼šall] é”™è¯¯ 2
