[35m[1mConsolidate compiler generated dependencies of target demo02_client[0m
[ 50%] Built target demo01_server
[ 75%] [32mBuilding CXX object CMakeFiles/demo02_client.dir/src/demo02_client.cpp.o[0m
[01m[K/home/east/ros2-learning-space/ws01_plumbing/src/cpp02_service/src/demo02_client.cpp:[m[K In function â€˜[01m[Kint main(int, const char**)[m[Kâ€™:
[01m[K/home/east/ros2-learning-space/ws01_plumbing/src/cpp02_service/src/demo02_client.cpp:37:5:[m[K [01;31m[Kerror: [m[Kexpected â€˜[01m[K,[m[Kâ€™ or â€˜[01m[K;[m[Kâ€™ before â€˜[01m[Kif[m[Kâ€™
   37 |     [01;31m[Kif[m[K (!flag){
      |     [01;31m[K^~[m[K
[01m[K/home/east/ros2-learning-space/ws01_plumbing/src/cpp02_service/src/demo02_client.cpp:36:10:[m[K [01;35m[Kwarning: [m[Kunused variable â€˜[01m[Kflag[m[Kâ€™ [[01;35m[K]8;;https://gcc.gnu.org/onlinedocs/gcc/Warning-Options.html#index-Wunused-variable-Wunused-variable]8;;[m[K]
   36 |     auto [01;35m[Kflag[m[K = client->Wait_For_Server()
      |          [01;35m[K^~~~[m[K
gmake[2]: *** [CMakeFiles/demo02_client.dir/build.make:76ï¼šCMakeFiles/demo02_client.dir/src/demo02_client.cpp.o] é”™è¯¯ 1
gmake[1]: *** [CMakeFiles/Makefile2:165ï¼šCMakeFiles/demo02_client.dir/all] é”™è¯¯ 2
gmake: *** [Makefile:146ï¼šall] é”™è¯¯ 2
